09.11.2020 13:22:46.544 [main] INFO   ua.alevel.Main - Starting Main on ASUS-PC with PID 1312 (C:\Users\User\IdeaProjects\studentcources\target\classes started by User in C:\Users\User\IdeaProjects\studentcources)
09.11.2020 13:22:46.583 [main] INFO   ua.alevel.Main - No active profile set, falling back to default profiles: default
09.11.2020 13:22:48.748 [main] INFO   c.z.h.HikariDataSource - HikariPool-1 - Starting...
09.11.2020 13:22:50.787 [main] INFO   c.z.h.HikariDataSource - HikariPool-1 - Start completed.
09.11.2020 13:22:51.171 [main] INFO   ua.alevel.Main - Started Main in 6.35 seconds (JVM running for 8.593)
09.11.2020 13:51:00.913 [main] INFO   ua.alevel.Main - Starting Main on ASUS-PC with PID 5076 (C:\Users\User\IdeaProjects\studentcources\target\classes started by User in C:\Users\User\IdeaProjects\studentcources)
09.11.2020 13:51:00.925 [main] INFO   ua.alevel.Main - No active profile set, falling back to default profiles: default
09.11.2020 13:51:03.207 [main] INFO   c.z.h.HikariDataSource - HikariPool-1 - Starting...
09.11.2020 13:51:07.017 [main] INFO   c.z.h.HikariDataSource - HikariPool-1 - Start completed.
09.11.2020 13:51:08.300 [main] INFO   ua.alevel.Main - Started Main in 8.976 seconds (JVM running for 13.855)
09.11.2020 14:02:30.497 [main] INFO   ua.alevel.Main - Starting Main on ASUS-PC with PID 2208 (C:\Users\User\IdeaProjects\studentcources\target\classes started by User in C:\Users\User\IdeaProjects\studentcources)
09.11.2020 14:02:30.508 [main] INFO   ua.alevel.Main - No active profile set, falling back to default profiles: default
09.11.2020 14:02:32.568 [main] INFO   c.z.h.HikariDataSource - HikariPool-1 - Starting...
09.11.2020 14:02:36.059 [main] INFO   c.z.h.HikariDataSource - HikariPool-1 - Start completed.
09.11.2020 14:02:36.421 [main] INFO   ua.alevel.Main - Started Main in 7.298 seconds (JVM running for 8.938)
09.11.2020 14:38:11.341 [main] INFO   ua.alevel.Main - Starting Main on ASUS-PC with PID 768 (C:\Users\User\IdeaProjects\studentcources\target\classes started by User in C:\Users\User\IdeaProjects\studentcources)
09.11.2020 14:38:11.354 [main] INFO   ua.alevel.Main - No active profile set, falling back to default profiles: default
09.11.2020 14:38:13.358 [main] INFO   c.z.h.HikariDataSource - HikariPool-1 - Starting...
09.11.2020 14:38:15.428 [main] INFO   c.z.h.HikariDataSource - HikariPool-1 - Start completed.
09.11.2020 14:38:15.845 [main] INFO   ua.alevel.Main - Started Main in 5.863 seconds (JVM running for 7.989)
09.11.2020 15:00:56.807 [main] INFO   ua.alevel.Main - Starting Main on ASUS-PC with PID 3648 (C:\Users\User\IdeaProjects\studentcources\target\classes started by User in C:\Users\User\IdeaProjects\studentcources)
09.11.2020 15:00:56.820 [main] INFO   ua.alevel.Main - No active profile set, falling back to default profiles: default
09.11.2020 15:00:59.913 [main] INFO   c.z.h.HikariDataSource - HikariPool-1 - Starting...
09.11.2020 15:01:01.906 [main] INFO   c.z.h.HikariDataSource - HikariPool-1 - Start completed.
09.11.2020 15:01:02.304 [main] INFO   ua.alevel.Main - Started Main in 7.02 seconds (JVM running for 9.16)
09.11.2020 15:02:44.466 [main] WARN   ua.alevel.dto.Course - Incorrect value Course.duration
09.11.2020 15:02:54.788 [main] WARN   ua.alevel.dto.Course - Incorrect value Course.duration
09.11.2020 15:03:25.971 [main] WARN   ua.alevel.dto.Course - Incorrect value Course.duration
09.11.2020 15:06:28.344 [main] INFO   ua.alevel.Main - Starting Main on ASUS-PC with PID 4996 (C:\Users\User\IdeaProjects\studentcources\target\classes started by User in C:\Users\User\IdeaProjects\studentcources)
09.11.2020 15:06:28.355 [main] INFO   ua.alevel.Main - No active profile set, falling back to default profiles: default
09.11.2020 15:06:30.436 [main] INFO   c.z.h.HikariDataSource - HikariPool-1 - Starting...
09.11.2020 15:06:32.324 [main] INFO   c.z.h.HikariDataSource - HikariPool-1 - Start completed.
09.11.2020 15:06:32.702 [main] INFO   ua.alevel.Main - Started Main in 5.825 seconds (JVM running for 7.511)
09.11.2020 15:07:05.232 [main] INFO   ua.alevel.Main - Starting Main on ASUS-PC with PID 5664 (C:\Users\User\IdeaProjects\studentcources\target\classes started by User in C:\Users\User\IdeaProjects\studentcources)
09.11.2020 15:07:05.246 [main] INFO   ua.alevel.Main - No active profile set, falling back to default profiles: default
09.11.2020 15:07:07.083 [main] INFO   c.z.h.HikariDataSource - HikariPool-1 - Starting...
09.11.2020 15:07:09.004 [main] INFO   c.z.h.HikariDataSource - HikariPool-1 - Start completed.
09.11.2020 15:07:09.362 [main] INFO   ua.alevel.Main - Started Main in 5.484 seconds (JVM running for 7.262)
09.11.2020 15:16:19.290 [main] INFO   ua.alevel.Main - Starting Main on ASUS-PC with PID 4132 (C:\Users\User\IdeaProjects\studentcources\target\classes started by User in C:\Users\User\IdeaProjects\studentcources)
09.11.2020 15:16:19.303 [main] INFO   ua.alevel.Main - No active profile set, falling back to default profiles: default
09.11.2020 15:16:21.319 [main] INFO   c.z.h.HikariDataSource - HikariPool-1 - Starting...
09.11.2020 15:16:23.320 [main] INFO   c.z.h.HikariDataSource - HikariPool-1 - Start completed.
09.11.2020 15:16:23.690 [main] INFO   ua.alevel.Main - Started Main in 5.865 seconds (JVM running for 7.946)
09.11.2020 15:16:58.443 [main] ERROR  u.a.d.i.StudentsCourseDaoImpl - SQL Error
java.sql.SQLIntegrityConstraintViolationException: Cannot add or update a child row: a foreign key constraint fails (`courses`.`studentsCourse`, CONSTRAINT `studentsCourse_ibfk_2` FOREIGN KEY (`courseId`) REFERENCES `course` (`id`))
	at com.mysql.cj.jdbc.exceptions.SQLError.createSQLException(SQLError.java:117)
	at com.mysql.cj.jdbc.exceptions.SQLError.createSQLException(SQLError.java:97)
	at com.mysql.cj.jdbc.exceptions.SQLExceptionsMapping.translateException(SQLExceptionsMapping.java:122)
	at com.mysql.cj.jdbc.ServerPreparedStatement.serverExecute(ServerPreparedStatement.java:637)
	at com.mysql.cj.jdbc.ServerPreparedStatement.executeInternal(ServerPreparedStatement.java:418)
	at com.mysql.cj.jdbc.ClientPreparedStatement.executeUpdateInternal(ClientPreparedStatement.java:1092)
	at com.mysql.cj.jdbc.ClientPreparedStatement.executeUpdateInternal(ClientPreparedStatement.java:1040)
	at com.mysql.cj.jdbc.ClientPreparedStatement.executeLargeUpdate(ClientPreparedStatement.java:1347)
	at com.mysql.cj.jdbc.ClientPreparedStatement.executeUpdate(ClientPreparedStatement.java:1025)
	at com.zaxxer.hikari.pool.ProxyPreparedStatement.executeUpdate(ProxyPreparedStatement.java:61)
	at com.zaxxer.hikari.pool.HikariProxyPreparedStatement.executeUpdate(HikariProxyPreparedStatement.java)
	at ua.alevel.dao.impl.StudentsCourseDaoImpl.addStudentToCourse(StudentsCourseDaoImpl.java:37)
	at ua.alevel.services.impl.StudentsCourseServiceImpl.addStudentToCourse(StudentsCourseServiceImpl.java:23)
	at ua.alevel.users.impl.StudentUserImpl.goToNewCourse(StudentUserImpl.java:58)
	at ua.alevel.util.MenuImpl.mainMenuStudent(MenuImpl.java:172)
	at ua.alevel.util.MenuImpl.mainMenu(MenuImpl.java:76)
	at ua.alevel.Main.main(Main.java:20)
